<?xml version="1.0" encoding="UTF-8"?>
<testng-results ignored="0" total="1" passed="1" failed="0" skipped="0">
  <reporter-output>
  </reporter-output>
  <suite started-at="2022-05-30T14:58:42 EEST" name="test.RozetkaUaTest" finished-at="2022-05-30T14:58:48 EEST" duration-ms="6095">
    <groups>
    </groups>
    <test started-at="2022-05-30T14:58:42 EEST" name="Command line test" finished-at="2022-05-30T14:58:48 EEST" duration-ms="6095">
      <class name="test.RozetkaUaTest">
        <test-method is-config="true" signature="setup()[pri:0, instance:test.RozetkaUaTest@482cd91f]" started-at="2022-05-30T14:58:42 EEST" name="setup" finished-at="2022-05-30T14:58:46 EEST" duration-ms="3639" status="PASS">
          <reporter-output>
          </reporter-output>
        </test-method> <!-- setup -->
        <test-method signature="runRozetka()[pri:0, instance:test.RozetkaUaTest@482cd91f]" started-at="2022-05-30T14:58:46 EEST" name="runRozetka" finished-at="2022-05-30T14:58:48 EEST" duration-ms="2100" status="PASS">
          <reporter-output>
          </reporter-output>
        </test-method> <!-- runRozetka -->
        <test-method is-config="true" signature="tearDown()[pri:0, instance:test.RozetkaUaTest@482cd91f]" started-at="2022-05-30T14:58:48 EEST" name="tearDown" finished-at="2022-05-30T14:58:48 EEST" duration-ms="271" status="PASS">
          <reporter-output>
          </reporter-output>
        </test-method> <!-- tearDown -->
      </class> <!-- test.RozetkaUaTest -->
    </test> <!-- Command line test -->
  </suite> <!-- test.RozetkaUaTest -->
</testng-results>
